-------------------------------------------------------------------------------
Test set: com.basic.MyFirstSelenium.RunnerFirstSeleniumScriptTest
-------------------------------------------------------------------------------
Tests run: 21, Failures: 0, Errors: 10, Skipped: 11, Time elapsed: 0.619 sec <<< FAILURE!
Given User Opens seleniumhq website(Scenario: test all tabs on home page)  Time elapsed: 0 sec  <<< ERROR!
java.lang.IllegalStateException: The driver executable does not exist: D:\Training\TrainingContent\SeleniumJars_Software\chromedriver_win32_B39\chromedriver.exe
	at com.google.common.base.Preconditions.checkState(Preconditions.java:534)
	at org.openqa.selenium.remote.service.DriverService.checkExecutable(DriverService.java:136)
	at org.openqa.selenium.remote.service.DriverService.findExecutable(DriverService.java:131)
	at org.openqa.selenium.chrome.ChromeDriverService.access$000(ChromeDriverService.java:32)
	at org.openqa.selenium.chrome.ChromeDriverService$Builder.findDefaultExecutable(ChromeDriverService.java:137)
	at org.openqa.selenium.remote.service.DriverService$Builder.build(DriverService.java:329)
	at org.openqa.selenium.chrome.ChromeDriverService.createDefaultService(ChromeDriverService.java:88)
	at org.openqa.selenium.chrome.ChromeDriver.<init>(ChromeDriver.java:124)
	at com.basic.MyFirstSelenium.FirstSeleniumScriptSD.User_Opens_seleniumhq_website11(FirstSeleniumScriptSD.java:19)
	at ?.Given User Opens seleniumhq website(src/test/resources/com/basic/MyFirstSelenium/FirstSeleniumScriptFF.feature:4)

Scenario: test all tabs on home page  Time elapsed: 0.004 sec  <<< ERROR!
java.lang.IllegalStateException: The driver executable does not exist: D:\Training\TrainingContent\SeleniumJars_Software\chromedriver_win32_B39\chromedriver.exe
	at com.google.common.base.Preconditions.checkState(Preconditions.java:534)
	at org.openqa.selenium.remote.service.DriverService.checkExecutable(DriverService.java:136)
	at org.openqa.selenium.remote.service.DriverService.findExecutable(DriverService.java:131)
	at org.openqa.selenium.chrome.ChromeDriverService.access$000(ChromeDriverService.java:32)
	at org.openqa.selenium.chrome.ChromeDriverService$Builder.findDefaultExecutable(ChromeDriverService.java:137)
	at org.openqa.selenium.remote.service.DriverService$Builder.build(DriverService.java:329)
	at org.openqa.selenium.chrome.ChromeDriverService.createDefaultService(ChromeDriverService.java:88)
	at org.openqa.selenium.chrome.ChromeDriver.<init>(ChromeDriver.java:124)
	at com.basic.MyFirstSelenium.FirstSeleniumScriptSD.User_Opens_seleniumhq_website11(FirstSeleniumScriptSD.java:19)
	at ?.Given User Opens seleniumhq website(src/test/resources/com/basic/MyFirstSelenium/FirstSeleniumScriptFF.feature:4)

Given User Opens seleniumhq website(Scenario: test all tabs on home page22)  Time elapsed: 0 sec  <<< ERROR!
java.lang.IllegalStateException: The driver executable does not exist: D:\Training\TrainingContent\SeleniumJars_Software\chromedriver_win32_B39\chromedriver.exe
	at com.google.common.base.Preconditions.checkState(Preconditions.java:534)
	at org.openqa.selenium.remote.service.DriverService.checkExecutable(DriverService.java:136)
	at org.openqa.selenium.remote.service.DriverService.findExecutable(DriverService.java:131)
	at org.openqa.selenium.chrome.ChromeDriverService.access$000(ChromeDriverService.java:32)
	at org.openqa.selenium.chrome.ChromeDriverService$Builder.findDefaultExecutable(ChromeDriverService.java:137)
	at org.openqa.selenium.remote.service.DriverService$Builder.build(DriverService.java:329)
	at org.openqa.selenium.chrome.ChromeDriverService.createDefaultService(ChromeDriverService.java:88)
	at org.openqa.selenium.chrome.ChromeDriver.<init>(ChromeDriver.java:124)
	at com.basic.MyFirstSelenium.FirstSeleniumScriptSD.User_Opens_seleniumhq_website11(FirstSeleniumScriptSD.java:19)
	at ?.Given User Opens seleniumhq website(src/test/resources/com/basic/MyFirstSelenium/FirstSeleniumScriptFF.feature:9)

Scenario: test all tabs on home page22  Time elapsed: 0 sec  <<< ERROR!
java.lang.IllegalStateException: The driver executable does not exist: D:\Training\TrainingContent\SeleniumJars_Software\chromedriver_win32_B39\chromedriver.exe
	at com.google.common.base.Preconditions.checkState(Preconditions.java:534)
	at org.openqa.selenium.remote.service.DriverService.checkExecutable(DriverService.java:136)
	at org.openqa.selenium.remote.service.DriverService.findExecutable(DriverService.java:131)
	at org.openqa.selenium.chrome.ChromeDriverService.access$000(ChromeDriverService.java:32)
	at org.openqa.selenium.chrome.ChromeDriverService$Builder.findDefaultExecutable(ChromeDriverService.java:137)
	at org.openqa.selenium.remote.service.DriverService$Builder.build(DriverService.java:329)
	at org.openqa.selenium.chrome.ChromeDriverService.createDefaultService(ChromeDriverService.java:88)
	at org.openqa.selenium.chrome.ChromeDriver.<init>(ChromeDriver.java:124)
	at com.basic.MyFirstSelenium.FirstSeleniumScriptSD.User_Opens_seleniumhq_website11(FirstSeleniumScriptSD.java:19)
	at ?.Given User Opens seleniumhq website(src/test/resources/com/basic/MyFirstSelenium/FirstSeleniumScriptFF.feature:9)

Given User Opens seleniumhq website(Scenario: test all tabs on home page33)  Time elapsed: 0 sec  <<< ERROR!
java.lang.IllegalStateException: The driver executable does not exist: D:\Training\TrainingContent\SeleniumJars_Software\chromedriver_win32_B39\chromedriver.exe
	at com.google.common.base.Preconditions.checkState(Preconditions.java:534)
	at org.openqa.selenium.remote.service.DriverService.checkExecutable(DriverService.java:136)
	at org.openqa.selenium.remote.service.DriverService.findExecutable(DriverService.java:131)
	at org.openqa.selenium.chrome.ChromeDriverService.access$000(ChromeDriverService.java:32)
	at org.openqa.selenium.chrome.ChromeDriverService$Builder.findDefaultExecutable(ChromeDriverService.java:137)
	at org.openqa.selenium.remote.service.DriverService$Builder.build(DriverService.java:329)
	at org.openqa.selenium.chrome.ChromeDriverService.createDefaultService(ChromeDriverService.java:88)
	at org.openqa.selenium.chrome.ChromeDriver.<init>(ChromeDriver.java:124)
	at com.basic.MyFirstSelenium.FirstSeleniumScriptSD.User_Opens_seleniumhq_website11(FirstSeleniumScriptSD.java:19)
	at ?.Given User Opens seleniumhq website(src/test/resources/com/basic/MyFirstSelenium/FirstSeleniumScriptFF2.feature:4)

Scenario: test all tabs on home page33  Time elapsed: 0.001 sec  <<< ERROR!
java.lang.IllegalStateException: The driver executable does not exist: D:\Training\TrainingContent\SeleniumJars_Software\chromedriver_win32_B39\chromedriver.exe
	at com.google.common.base.Preconditions.checkState(Preconditions.java:534)
	at org.openqa.selenium.remote.service.DriverService.checkExecutable(DriverService.java:136)
	at org.openqa.selenium.remote.service.DriverService.findExecutable(DriverService.java:131)
	at org.openqa.selenium.chrome.ChromeDriverService.access$000(ChromeDriverService.java:32)
	at org.openqa.selenium.chrome.ChromeDriverService$Builder.findDefaultExecutable(ChromeDriverService.java:137)
	at org.openqa.selenium.remote.service.DriverService$Builder.build(DriverService.java:329)
	at org.openqa.selenium.chrome.ChromeDriverService.createDefaultService(ChromeDriverService.java:88)
	at org.openqa.selenium.chrome.ChromeDriver.<init>(ChromeDriver.java:124)
	at com.basic.MyFirstSelenium.FirstSeleniumScriptSD.User_Opens_seleniumhq_website11(FirstSeleniumScriptSD.java:19)
	at ?.Given User Opens seleniumhq website(src/test/resources/com/basic/MyFirstSelenium/FirstSeleniumScriptFF2.feature:4)

Given User Opens seleniumhq website(Scenario: test all tabs on home page44)  Time elapsed: 0.001 sec  <<< ERROR!
java.lang.IllegalStateException: The driver executable does not exist: D:\Training\TrainingContent\SeleniumJars_Software\chromedriver_win32_B39\chromedriver.exe
	at com.google.common.base.Preconditions.checkState(Preconditions.java:534)
	at org.openqa.selenium.remote.service.DriverService.checkExecutable(DriverService.java:136)
	at org.openqa.selenium.remote.service.DriverService.findExecutable(DriverService.java:131)
	at org.openqa.selenium.chrome.ChromeDriverService.access$000(ChromeDriverService.java:32)
	at org.openqa.selenium.chrome.ChromeDriverService$Builder.findDefaultExecutable(ChromeDriverService.java:137)
	at org.openqa.selenium.remote.service.DriverService$Builder.build(DriverService.java:329)
	at org.openqa.selenium.chrome.ChromeDriverService.createDefaultService(ChromeDriverService.java:88)
	at org.openqa.selenium.chrome.ChromeDriver.<init>(ChromeDriver.java:124)
	at com.basic.MyFirstSelenium.FirstSeleniumScriptSD.User_Opens_seleniumhq_website11(FirstSeleniumScriptSD.java:19)
	at ?.Given User Opens seleniumhq website(src/test/resources/com/basic/MyFirstSelenium/FirstSeleniumScriptFF2.feature:9)

Scenario: test all tabs on home page44  Time elapsed: 0.001 sec  <<< ERROR!
java.lang.IllegalStateException: The driver executable does not exist: D:\Training\TrainingContent\SeleniumJars_Software\chromedriver_win32_B39\chromedriver.exe
	at com.google.common.base.Preconditions.checkState(Preconditions.java:534)
	at org.openqa.selenium.remote.service.DriverService.checkExecutable(DriverService.java:136)
	at org.openqa.selenium.remote.service.DriverService.findExecutable(DriverService.java:131)
	at org.openqa.selenium.chrome.ChromeDriverService.access$000(ChromeDriverService.java:32)
	at org.openqa.selenium.chrome.ChromeDriverService$Builder.findDefaultExecutable(ChromeDriverService.java:137)
	at org.openqa.selenium.remote.service.DriverService$Builder.build(DriverService.java:329)
	at org.openqa.selenium.chrome.ChromeDriverService.createDefaultService(ChromeDriverService.java:88)
	at org.openqa.selenium.chrome.ChromeDriver.<init>(ChromeDriver.java:124)
	at com.basic.MyFirstSelenium.FirstSeleniumScriptSD.User_Opens_seleniumhq_website11(FirstSeleniumScriptSD.java:19)
	at ?.Given User Opens seleniumhq website(src/test/resources/com/basic/MyFirstSelenium/FirstSeleniumScriptFF2.feature:9)

Given User Opens seleniumhq website(Scenario: test all tabs on home page44)  Time elapsed: 0.001 sec  <<< ERROR!
java.lang.IllegalStateException: The driver executable does not exist: D:\Training\TrainingContent\SeleniumJars_Software\chromedriver_win32_B39\chromedriver.exe
	at com.google.common.base.Preconditions.checkState(Preconditions.java:534)
	at org.openqa.selenium.remote.service.DriverService.checkExecutable(DriverService.java:136)
	at org.openqa.selenium.remote.service.DriverService.findExecutable(DriverService.java:131)
	at org.openqa.selenium.chrome.ChromeDriverService.access$000(ChromeDriverService.java:32)
	at org.openqa.selenium.chrome.ChromeDriverService$Builder.findDefaultExecutable(ChromeDriverService.java:137)
	at org.openqa.selenium.remote.service.DriverService$Builder.build(DriverService.java:329)
	at org.openqa.selenium.chrome.ChromeDriverService.createDefaultService(ChromeDriverService.java:88)
	at org.openqa.selenium.chrome.ChromeDriver.<init>(ChromeDriver.java:124)
	at com.basic.MyFirstSelenium.FirstSeleniumScriptSD.User_Opens_seleniumhq_website11(FirstSeleniumScriptSD.java:19)
	at ?.Given User Opens seleniumhq website(src/test/resources/com/basic/MyFirstSelenium/FirstSeleniumScriptFF2.feature:14)

Scenario: test all tabs on home page44  Time elapsed: 0.001 sec  <<< ERROR!
java.lang.IllegalStateException: The driver executable does not exist: D:\Training\TrainingContent\SeleniumJars_Software\chromedriver_win32_B39\chromedriver.exe
	at com.google.common.base.Preconditions.checkState(Preconditions.java:534)
	at org.openqa.selenium.remote.service.DriverService.checkExecutable(DriverService.java:136)
	at org.openqa.selenium.remote.service.DriverService.findExecutable(DriverService.java:131)
	at org.openqa.selenium.chrome.ChromeDriverService.access$000(ChromeDriverService.java:32)
	at org.openqa.selenium.chrome.ChromeDriverService$Builder.findDefaultExecutable(ChromeDriverService.java:137)
	at org.openqa.selenium.remote.service.DriverService$Builder.build(DriverService.java:329)
	at org.openqa.selenium.chrome.ChromeDriverService.createDefaultService(ChromeDriverService.java:88)
	at org.openqa.selenium.chrome.ChromeDriver.<init>(ChromeDriver.java:124)
	at com.basic.MyFirstSelenium.FirstSeleniumScriptSD.User_Opens_seleniumhq_website11(FirstSeleniumScriptSD.java:19)
	at ?.Given User Opens seleniumhq website(src/test/resources/com/basic/MyFirstSelenium/FirstSeleniumScriptFF2.feature:14)

